  skeletal_animation.cpp
C:\Users\inhyu\OneDrive\바탕 화면\Week12\normal_mapping\include\learnopengl\bone.h(45,20): warning C4244: '초기화 중': 'double'에서 'float'(으)로 변환하면서 데이터가 손실될 수 있습니다.
C:\Users\inhyu\OneDrive\바탕 화면\Week12\normal_mapping\include\learnopengl\bone.h(56,20): warning C4244: '초기화 중': 'double'에서 'float'(으)로 변환하면서 데이터가 손실될 수 있습니다.
C:\Users\inhyu\OneDrive\바탕 화면\Week12\normal_mapping\include\learnopengl\bone.h(67,20): warning C4244: '초기화 중': 'double'에서 'float'(으)로 변환하면서 데이터가 손실될 수 있습니다.
C:\Users\inhyu\OneDrive\바탕 화면\Week12\normal_mapping\include\learnopengl\model_animation.h(174,37): warning C4018: '<': signed 또는 unsigned가 일치하지 않습니다.
C:\Users\inhyu\OneDrive\바탕 화면\Week12\normal_mapping\include\learnopengl\animation.h(31,25): warning C4244: '=': 'double'에서 'float'(으)로 변환하면서 데이터가 손실될 수 있습니다.
C:\Users\inhyu\OneDrive\바탕 화면\Week12\normal_mapping\include\learnopengl\animation.h(32,31): warning C4244: '=': 'double'에서 'int'(으)로 변환하면서 데이터가 손실될 수 있습니다.
C:\Users\inhyu\OneDrive\바탕 화면\Week12\normal_mapping\include\learnopengl\animation.h(56,44): warning C4244: 'return': 'int'에서 'float'(으)로 변환하면서 데이터가 손실될 수 있습니다.
C:\Users\inhyu\OneDrive\바탕 화면\Week12\normal_mapping\include\learnopengl\animation.h(98,21): warning C4018: '<': signed 또는 unsigned가 일치하지 않습니다.
C:\Users\inhyu\OneDrive\바탕 화면\Week12\normal_mapping\src\skeletal_animation.cpp(179,22): warning C4244: '초기화 중': 'double'에서 'float'(으)로 변환하면서 데이터가 손실될 수 있습니다.
C:\Users\inhyu\OneDrive\바탕 화면\Week12\normal_mapping\src\skeletal_animation.cpp(307,11): warning C4244: '=': 'double'에서 'float'(으)로 변환하면서 데이터가 손실될 수 있습니다.
C:\Users\inhyu\OneDrive\바탕 화면\Week12\normal_mapping\src\skeletal_animation.cpp(308,11): warning C4244: '=': 'double'에서 'float'(으)로 변환하면서 데이터가 손실될 수 있습니다.
C:\Users\inhyu\OneDrive\바탕 화면\Week12\normal_mapping\src\skeletal_animation.cpp(312,16): warning C4244: '초기화 중': 'double'에서 'float'(으)로 변환하면서 데이터가 손실될 수 있습니다.
C:\Users\inhyu\OneDrive\바탕 화면\Week12\normal_mapping\src\skeletal_animation.cpp(313,16): warning C4244: '초기화 중': 'double'에서 'float'(으)로 변환하면서 데이터가 손실될 수 있습니다.
C:\Users\inhyu\OneDrive\바탕 화면\Week12\normal_mapping\src\skeletal_animation.cpp(315,10): warning C4244: '=': 'double'에서 'float'(으)로 변환하면서 데이터가 손실될 수 있습니다.
C:\Users\inhyu\OneDrive\바탕 화면\Week12\normal_mapping\src\skeletal_animation.cpp(316,10): warning C4244: '=': 'double'에서 'float'(으)로 변환하면서 데이터가 손실될 수 있습니다.
C:\Users\inhyu\OneDrive\바탕 화면\Week12\normal_mapping\src\skeletal_animation.cpp(325,28): warning C4244: '인수': 'double'에서 'float'(으)로 변환하면서 데이터가 손실될 수 있습니다.
C:\Users\inhyu\OneDrive\바탕 화면\Week12\normal_mapping\include\learnopengl\bone.h(96,1): warning C4715: 'Bone::GetPositionIndex': 모든 제어 경로에서 값을 반환하지는 않습니다.
C:\Users\inhyu\OneDrive\바탕 화면\Week12\normal_mapping\include\learnopengl\bone.h(106,1): warning C4715: 'Bone::GetRotationIndex': 모든 제어 경로에서 값을 반환하지는 않습니다.
C:\Users\inhyu\OneDrive\바탕 화면\Week12\normal_mapping\include\learnopengl\bone.h(116,1): warning C4715: 'Bone::GetScaleIndex': 모든 제어 경로에서 값을 반환하지는 않습니다.
glfw3.lib(input.obj) : warning LNK4099: '' PDB를 'glfw3.lib(input.obj)' 또는 ''에서 찾을 수 없습니다. 디버그 정보가 없는 것처럼 개체를 링크합니다.
glfw3.lib(monitor.obj) : warning LNK4099: '' PDB를 'glfw3.lib(monitor.obj)' 또는 ''에서 찾을 수 없습니다. 디버그 정보가 없는 것처럼 개체를 링크합니다.
glfw3.lib(win32_window.obj) : warning LNK4099: '' PDB를 'glfw3.lib(win32_window.obj)' 또는 ''에서 찾을 수 없습니다. 디버그 정보가 없는 것처럼 개체를 링크합니다.
  NormalMapping.vcxproj -> C:\Users\inhyu\OneDrive\바탕 화면\Week12\x64\Debug\NormalMapping.exe
